This file contains any messages produced by compilers while
running configure, to aid debugging if configure makes a mistake.

It was created by exmpp configure 0.9.1, which was
generated by GNU Autoconf 2.61.  Invocation command line was

  $ ./configure 

## --------- ##
## Platform. ##
## --------- ##

hostname = rjlaptop
uname -m = i686
uname -r = 2.6.28-15-generic
uname -s = Linux
uname -v = #49-Ubuntu SMP Tue Aug 18 18:40:08 UTC 2009

/usr/bin/uname -p = unknown
/bin/uname -X     = unknown

/bin/arch              = unknown
/usr/bin/arch -k       = unknown
/usr/convex/getsysinfo = unknown
/usr/bin/hostinfo      = unknown
/bin/machine           = unknown
/usr/bin/oslevel       = unknown
/bin/universe          = unknown

PATH: /usr/share/automake-1.10/
PATH: /home/rj/bin
PATH: /usr/local/Trolltech/Qt-4.4.3/bin
PATH: /home/rj/bin
PATH: /usr/local/sbin
PATH: /usr/local/bin
PATH: /usr/sbin
PATH: /usr/bin
PATH: /sbin
PATH: /bin
PATH: /usr/games


## ----------- ##
## Core tests. ##
## ----------- ##

configure:2058: checking for a BSD-compatible install
configure:2114: result: /usr/bin/install -c
configure:2125: checking whether build environment is sane
configure:2168: result: yes
configure:2196: checking for a thread-safe mkdir -p
configure:2235: result: /bin/mkdir -p
configure:2248: checking for gawk
configure:2278: result: no
configure:2248: checking for mawk
configure:2264: found /usr/bin/mawk
configure:2275: result: mawk
configure:2286: checking whether make sets $(MAKE)
configure:2307: result: yes
configure:2549: checking for style of include used by make
configure:2577: result: GNU
configure:2647: checking for gcc
configure:2663: found /usr/bin/gcc
configure:2674: result: gcc
configure:2912: checking for C compiler version
configure:2919: gcc --version >&5
gcc (Ubuntu 4.3.3-5ubuntu4) 4.3.3
Copyright (C) 2008 Free Software Foundation, Inc.
This is free software; see the source for copying conditions.  There is NO
warranty; not even for MERCHANTABILITY or FITNESS FOR A PARTICULAR PURPOSE.

configure:2922: $? = 0
configure:2929: gcc -v >&5
Using built-in specs.
Target: i486-linux-gnu
Configured with: ../src/configure -v --with-pkgversion='Ubuntu 4.3.3-5ubuntu4' --with-bugurl=file:///usr/share/doc/gcc-4.3/README.Bugs --enable-languages=c,c++,fortran,objc,obj-c++ --prefix=/usr --enable-shared --with-system-zlib --libexecdir=/usr/lib --without-included-gettext --enable-threads=posix --enable-nls --with-gxx-include-dir=/usr/include/c++/4.3 --program-suffix=-4.3 --enable-clocale=gnu --enable-libstdcxx-debug --enable-objc-gc --enable-mpfr --enable-targets=all --with-tune=generic --enable-checking=release --build=i486-linux-gnu --host=i486-linux-gnu --target=i486-linux-gnu
Thread model: posix
gcc version 4.3.3 (Ubuntu 4.3.3-5ubuntu4) 
configure:2932: $? = 0
configure:2939: gcc -V >&5
gcc: '-V' option must have argument
configure:2942: $? = 1
configure:2965: checking for C compiler default output file name
configure:2992: gcc    conftest.c  >&5
configure:2995: $? = 0
configure:3033: result: a.out
configure:3050: checking whether the C compiler works
configure:3060: ./a.out
configure:3063: $? = 0
configure:3080: result: yes
configure:3087: checking whether we are cross compiling
configure:3089: result: no
configure:3092: checking for suffix of executables
configure:3099: gcc -o conftest    conftest.c  >&5
configure:3102: $? = 0
configure:3126: result: 
configure:3132: checking for suffix of object files
configure:3158: gcc -c   conftest.c >&5
configure:3161: $? = 0
configure:3184: result: o
configure:3188: checking whether we are using the GNU C compiler
configure:3217: gcc -c   conftest.c >&5
configure:3223: $? = 0
configure:3240: result: yes
configure:3245: checking whether gcc accepts -g
configure:3275: gcc -c -g  conftest.c >&5
configure:3281: $? = 0
configure:3380: result: yes
configure:3397: checking for gcc option to accept ISO C89
configure:3471: gcc  -c -g -O2  conftest.c >&5
configure:3477: $? = 0
configure:3500: result: none needed
configure:3520: checking dependency style of gcc
configure:3611: result: gcc3
configure:3628: checking for gcc option to accept ISO C99
configure:3787: gcc  -c -g -O2  conftest.c >&5
conftest.c:60: error: expected ';', ',' or ')' before 'text'
conftest.c: In function 'main':
conftest.c:114: error: expected '=', ',', ';', 'asm' or '__attribute__' before 'newvar'
conftest.c:114: error: 'newvar' undeclared (first use in this function)
conftest.c:114: error: (Each undeclared identifier is reported only once
conftest.c:114: error: for each function it appears in.)
conftest.c:124: error: 'for' loop initial declaration used outside C99 mode
configure:3793: $? = 1
configure: failed program was:
| /* confdefs.h.  */
| #define PACKAGE_NAME "exmpp"
| #define PACKAGE_TARNAME "exmpp"
| #define PACKAGE_VERSION "0.9.1"
| #define PACKAGE_STRING "exmpp 0.9.1"
| #define PACKAGE_BUGREPORT "js.pedron@meetic-corp.com"
| #define PACKAGE "exmpp"
| #define VERSION "0.9.1"
| /* end confdefs.h.  */
| #include <stdarg.h>
| #include <stdbool.h>
| #include <stdlib.h>
| #include <wchar.h>
| #include <stdio.h>
| 
| // Check varargs macros.  These examples are taken from C99 6.10.3.5.
| #define debug(...) fprintf (stderr, __VA_ARGS__)
| #define showlist(...) puts (#__VA_ARGS__)
| #define report(test,...) ((test) ? puts (#test) : printf (__VA_ARGS__))
| static void
| test_varargs_macros (void)
| {
|   int x = 1234;
|   int y = 5678;
|   debug ("Flag");
|   debug ("X = %d\n", x);
|   showlist (The first, second, and third items.);
|   report (x>y, "x is %d but y is %d", x, y);
| }
| 
| // Check long long types.
| #define BIG64 18446744073709551615ull
| #define BIG32 4294967295ul
| #define BIG_OK (BIG64 / BIG32 == 4294967297ull && BIG64 % BIG32 == 0)
| #if !BIG_OK
|   your preprocessor is broken;
| #endif
| #if BIG_OK
| #else
|   your preprocessor is broken;
| #endif
| static long long int bignum = -9223372036854775807LL;
| static unsigned long long int ubignum = BIG64;
| 
| struct incomplete_array
| {
|   int datasize;
|   double data[];
| };
| 
| struct named_init {
|   int number;
|   const wchar_t *name;
|   double average;
| };
| 
| typedef const char *ccp;
| 
| static inline int
| test_restrict (ccp restrict text)
| {
|   // See if C++-style comments work.
|   // Iterate through items via the restricted pointer.
|   // Also check for declarations in for loops.
|   for (unsigned int i = 0; *(text+i) != '\0'; ++i)
|     continue;
|   return 0;
| }
| 
| // Check varargs and va_copy.
| static void
| test_varargs (const char *format, ...)
| {
|   va_list args;
|   va_start (args, format);
|   va_list args_copy;
|   va_copy (args_copy, args);
| 
|   const char *str;
|   int number;
|   float fnumber;
| 
|   while (*format)
|     {
|       switch (*format++)
| 	{
| 	case 's': // string
| 	  str = va_arg (args_copy, const char *);
| 	  break;
| 	case 'd': // int
| 	  number = va_arg (args_copy, int);
| 	  break;
| 	case 'f': // float
| 	  fnumber = va_arg (args_copy, double);
| 	  break;
| 	default:
| 	  break;
| 	}
|     }
|   va_end (args_copy);
|   va_end (args);
| }
| 
| int
| main ()
| {
| 
|   // Check bool.
|   _Bool success = false;
| 
|   // Check restrict.
|   if (test_restrict ("String literal") == 0)
|     success = true;
|   char *restrict newvar = "Another string";
| 
|   // Check varargs.
|   test_varargs ("s, d' f .", "string", 65, 34.234);
|   test_varargs_macros ();
| 
|   // Check flexible array members.
|   struct incomplete_array *ia =
|     malloc (sizeof (struct incomplete_array) + (sizeof (double) * 10));
|   ia->datasize = 10;
|   for (int i = 0; i < ia->datasize; ++i)
|     ia->data[i] = i * 1.234;
| 
|   // Check named initializers.
|   struct named_init ni = {
|     .number = 34,
|     .name = L"Test wide string",
|     .average = 543.34343,
|   };
| 
|   ni.number = 58;
| 
|   int dynamic_array[ni.number];
|   dynamic_array[ni.number - 1] = 543;
| 
|   // work around unused variable warnings
|   return (!success || bignum == 0LL || ubignum == 0uLL || newvar[0] == 'x'
| 	  || dynamic_array[ni.number - 1] != 543);
| 
|   ;
|   return 0;
| }
configure:3787: gcc -std=gnu99 -c -g -O2  conftest.c >&5
configure:3793: $? = 0
configure:3823: result: -std=gnu99
configure:3953: checking for gcc -std=gnu99 option to accept ISO Standard C
configure:3964: result: -std=gnu99
configure:3970: checking for a sed that does not truncate output
configure:4024: result: /bin/sed
configure:4033: checking build system type
configure:4051: result: i686-pc-linux-gnu
configure:4073: checking host system type
configure:4088: result: i686-pc-linux-gnu
configure:4110: checking for grep that handles long lines and -e
configure:4184: result: /bin/grep
configure:4189: checking for egrep
configure:4267: result: /bin/grep -E
configure:4283: checking for ld used by gcc -std=gnu99
configure:4350: result: /usr/bin/ld
configure:4359: checking if the linker (/usr/bin/ld) is GNU ld
configure:4374: result: yes
configure:4392: checking for a BSD-compatible install
configure:4448: result: /usr/bin/install -c
configure:4459: checking whether make sets $(MAKE)
configure:4480: result: yes
configure:4489: checking for a sed that does not truncate output
configure:4568: result: /bin/sed
configure:4582: checking for gawk
configure:4609: result: mawk
configure:4747: checking for /usr/bin/ld option to reload object files
configure:4754: result: -r
configure:4772: checking for BSD-compatible nm
configure:4821: result: /usr/bin/nm -B
configure:4825: checking whether ln -s works
configure:4829: result: yes
configure:4836: checking how to recognise dependent libraries
configure:5012: result: pass_all
configure:5246: checking how to run the C preprocessor
configure:5286: gcc -std=gnu99 -E  conftest.c
configure:5292: $? = 0
configure:5323: gcc -std=gnu99 -E  conftest.c
conftest.c:10:28: error: ac_nonexistent.h: No such file or directory
configure:5329: $? = 1
configure: failed program was:
| /* confdefs.h.  */
| #define PACKAGE_NAME "exmpp"
| #define PACKAGE_TARNAME "exmpp"
| #define PACKAGE_VERSION "0.9.1"
| #define PACKAGE_STRING "exmpp 0.9.1"
| #define PACKAGE_BUGREPORT "js.pedron@meetic-corp.com"
| #define PACKAGE "exmpp"
| #define VERSION "0.9.1"
| /* end confdefs.h.  */
| #include <ac_nonexistent.h>
configure:5362: result: gcc -std=gnu99 -E
configure:5391: gcc -std=gnu99 -E  conftest.c
configure:5397: $? = 0
configure:5428: gcc -std=gnu99 -E  conftest.c
conftest.c:10:28: error: ac_nonexistent.h: No such file or directory
configure:5434: $? = 1
configure: failed program was:
| /* confdefs.h.  */
| #define PACKAGE_NAME "exmpp"
| #define PACKAGE_TARNAME "exmpp"
| #define PACKAGE_VERSION "0.9.1"
| #define PACKAGE_STRING "exmpp 0.9.1"
| #define PACKAGE_BUGREPORT "js.pedron@meetic-corp.com"
| #define PACKAGE "exmpp"
| #define VERSION "0.9.1"
| /* end confdefs.h.  */
| #include <ac_nonexistent.h>
configure:5472: checking for ANSI C header files
configure:5502: gcc -std=gnu99 -c -g -O2  conftest.c >&5
configure:5508: $? = 0
configure:5607: gcc -std=gnu99 -o conftest -g -O2   conftest.c  >&5
configure:5610: $? = 0
configure:5616: ./conftest
configure:5619: $? = 0
configure:5636: result: yes
configure:5660: checking for sys/types.h
configure:5681: gcc -std=gnu99 -c -g -O2  conftest.c >&5
configure:5687: $? = 0
configure:5703: result: yes
configure:5660: checking for sys/stat.h
configure:5681: gcc -std=gnu99 -c -g -O2  conftest.c >&5
configure:5687: $? = 0
configure:5703: result: yes
configure:5660: checking for stdlib.h
configure:5681: gcc -std=gnu99 -c -g -O2  conftest.c >&5
configure:5687: $? = 0
configure:5703: result: yes
configure:5660: checking for string.h
configure:5681: gcc -std=gnu99 -c -g -O2  conftest.c >&5
configure:5687: $? = 0
configure:5703: result: yes
configure:5660: checking for memory.h
configure:5681: gcc -std=gnu99 -c -g -O2  conftest.c >&5
configure:5687: $? = 0
configure:5703: result: yes
configure:5660: checking for strings.h
configure:5681: gcc -std=gnu99 -c -g -O2  conftest.c >&5
configure:5687: $? = 0
configure:5703: result: yes
configure:5660: checking for inttypes.h
configure:5681: gcc -std=gnu99 -c -g -O2  conftest.c >&5
configure:5687: $? = 0
configure:5703: result: yes
configure:5660: checking for stdint.h
configure:5681: gcc -std=gnu99 -c -g -O2  conftest.c >&5
configure:5687: $? = 0
configure:5703: result: yes
configure:5660: checking for unistd.h
configure:5681: gcc -std=gnu99 -c -g -O2  conftest.c >&5
configure:5687: $? = 0
configure:5703: result: yes
configure:5730: checking dlfcn.h usability
configure:5747: gcc -std=gnu99 -c -g -O2  conftest.c >&5
configure:5753: $? = 0
configure:5767: result: yes
configure:5771: checking dlfcn.h presence
configure:5786: gcc -std=gnu99 -E  conftest.c
configure:5792: $? = 0
configure:5806: result: yes
configure:5839: checking for dlfcn.h
configure:5847: result: yes
configure:6101: checking the maximum length of command line arguments
configure:6210: result: 32768
configure:6221: checking command to parse /usr/bin/nm -B output from gcc -std=gnu99 object
configure:6326: gcc -std=gnu99 -c -g -O2  conftest.c >&5
configure:6329: $? = 0
configure:6333: /usr/bin/nm -B conftest.o \| sed -n -e 's/^.*[ 	]\([ABCDGIRSTW][ABCDGIRSTW]*\)[ 	][ 	]*\([_A-Za-z][_A-Za-z0-9]*\)$/\1 \2 \2/p' \> conftest.nm
configure:6336: $? = 0
configure:6388: gcc -std=gnu99 -o conftest -g -O2   conftest.c conftstm.o >&5
configure:6391: $? = 0
configure:6429: result: ok
configure:6433: checking for objdir
configure:6448: result: .libs
configure:6540: checking for ar
configure:6556: found /usr/bin/ar
configure:6567: result: ar
configure:6636: checking for ranlib
configure:6652: found /usr/bin/ranlib
configure:6663: result: ranlib
configure:6732: checking for strip
configure:6748: found /usr/bin/strip
configure:6759: result: strip
configure:7045: checking if gcc -std=gnu99 supports -fno-rtti -fno-exceptions
configure:7063: gcc -std=gnu99 -c -g -O2  -fno-rtti -fno-exceptions conftest.c >&5
cc1: warning: command line option "-fno-rtti" is valid for C++/ObjC++ but not for C
configure:7067: $? = 0
configure:7080: result: no
configure:7095: checking for gcc -std=gnu99 option to produce PIC
configure:7305: result: -fPIC
configure:7313: checking if gcc -std=gnu99 PIC flag -fPIC works
configure:7331: gcc -std=gnu99 -c -g -O2  -fPIC -DPIC conftest.c >&5
configure:7335: $? = 0
configure:7348: result: yes
configure:7376: checking if gcc -std=gnu99 static flag -static works
configure:7404: result: yes
configure:7414: checking if gcc -std=gnu99 supports -c -o file.o
configure:7435: gcc -std=gnu99 -c -g -O2  -o out/conftest2.o conftest.c >&5
configure:7439: $? = 0
configure:7461: result: yes
configure:7487: checking whether the gcc -std=gnu99 linker (/usr/bin/ld) supports shared libraries
configure:8442: result: yes
configure:8463: checking whether -lc should be explicitly linked in
configure:8468: gcc -std=gnu99 -c -g -O2  conftest.c >&5
configure:8471: $? = 0
configure:8486: gcc -std=gnu99 -shared conftest.o  -v -Wl,-soname -Wl,conftest -o conftest 2\>\&1 \| grep  -lc  \>/dev/null 2\>\&1
configure:8489: $? = 0
configure:8501: result: no
configure:8509: checking dynamic linker characteristics
configure:9085: result: GNU/Linux ld.so
configure:9094: checking how to hardcode library paths into programs
configure:9119: result: immediate
configure:9133: checking whether stripping libraries is possible
configure:9138: result: yes
configure:9939: checking if libtool supports shared libraries
configure:9941: result: yes
configure:9944: checking whether to build shared libraries
configure:9965: result: yes
configure:9968: checking whether to build static libraries
configure:9972: result: no
configure:10064: creating libtool
configure:19263: Erlang environment
configure:19328: checking for erl
configure:19346: found /usr/bin/erl
configure:19358: result: /usr/bin/erl
configure:19437: checking for erlc
configure:19455: found /usr/bin/erlc
configure:19467: result: /usr/bin/erlc
configure:19734: checking for escript
configure:19752: found /usr/bin/escript
configure:19764: result: /usr/bin/escript
configure:19832: checking for erlc
configure:19834: result: /usr/bin/erlc
configure:19948: checking for erl
configure:19950: result: /usr/bin/erl
configure:20063: checking for Erlang/OTP root directory
configure:20096: $ERLC $ERLCFLAGS -b beam conftest.$ac_ext >&5 ; echo "#!/bin/sh" > conftest$ac_exeext ; echo "\"$ERL\" -run conftest start -run init stop -noshell" >> conftest$ac_exeext ; chmod +x conftest$ac_exeext
configure:20099: $? = 0
configure:20105: ./conftest
configure:20108: $? = 0
configure:20134: result: /usr/lib/erlang
configure:20139: checking for Erlang/OTP library base directory
configure:20172: $ERLC $ERLCFLAGS -b beam conftest.$ac_ext >&5 ; echo "#!/bin/sh" > conftest$ac_exeext ; echo "\"$ERL\" -run conftest start -run init stop -noshell" >> conftest$ac_exeext ; chmod +x conftest$ac_exeext
configure:20175: $? = 0
configure:20181: ./conftest
configure:20184: $? = 0
configure:20210: result: /usr/lib/erlang/lib
configure:20217: checking for Erlang/OTP ERTS version
configure:20249: $ERLC $ERLCFLAGS -b beam conftest.$ac_ext >&5 ; echo "#!/bin/sh" > conftest$ac_exeext ; echo "\"$ERL\" -run conftest start -run init stop -noshell" >> conftest$ac_exeext ; chmod +x conftest$ac_exeext
configure:20252: $? = 0
configure:20258: ./conftest
configure:20261: $? = 0
configure:20291: result: 5.6.5
configure:20293: checking for Erlang/OTP ERTS directory
configure:20305: result: /usr/lib/erlang/erts-5.6.5
configure:20314: checking for Erlang/OTP release
configure:20346: $ERLC $ERLCFLAGS -b beam conftest.$ac_ext >&5 ; echo "#!/bin/sh" > conftest$ac_exeext ; echo "\"$ERL\" -run conftest start -run init stop -noshell" >> conftest$ac_exeext ; chmod +x conftest$ac_exeext
configure:20349: $? = 0
configure:20355: ./conftest
configure:20358: $? = 0
configure:20388: result: R12B
configure:20437: checking for Erlang/OTP 'erl_interface' library subdirectory
configure:20475: $ERLC $ERLCFLAGS -b beam conftest.$ac_ext >&5 ; echo "#!/bin/sh" > conftest$ac_exeext ; echo "\"$ERL\" -run conftest start -run init stop -noshell" >> conftest$ac_exeext ; chmod +x conftest$ac_exeext
configure:20478: $? = 0
configure:20484: ./conftest
configure:20487: $? = 0
configure:20517: result: /usr/lib/erlang/lib/erl_interface-3.5.9
configure:20519: checking for Erlang/OTP 'erl_interface' library version
configure:20531: result: 3.5.9
configure:20656: checking for Erlang/OTP library installation base directory
configure:20660: result: /usr/lib/erlang/lib
configure:20669: checking for Erlang/OTP 'exmpp' library installation subdirectory
configure:20678: result: /usr/lib/erlang/lib/exmpp-0.9.1
configure:20683: checking for SMP support
configure:20719: result: yes (Erlang R12B)
configure:20747: XML parsers dependencies
configure:20789: checking expat.h usability
configure:20806: gcc -std=gnu99 -c -g -O2 -Wall -Werror   conftest.c >&5
configure:20812: $? = 0
configure:20826: result: yes
configure:20830: checking expat.h presence
configure:20845: gcc -std=gnu99 -E   conftest.c
configure:20851: $? = 0
configure:20865: result: yes
configure:20898: checking for expat.h
configure:20906: result: yes
configure:20923: checking for XML_ParserCreate in -lexpat
configure:20958: gcc -std=gnu99 -o conftest -g -O2 -Wall -Werror     conftest.c -lexpat   >&5
configure:20964: $? = 0
configure:20982: result: yes
configure:21000: checking for Expat library
configure:21003: result: yes
configure:21081: checking for pkg-config
configure:21099: found /usr/bin/pkg-config
configure:21111: result: /usr/bin/pkg-config
configure:21140: checking pkg-config is at least version 0.9.0
configure:21143: result: yes
configure:21154: checking for LIBXML2
configure:21161: $PKG_CONFIG --exists --print-errors "libxml-2.0"
configure:21164: $? = 0
configure:21177: $PKG_CONFIG --exists --print-errors "libxml-2.0"
configure:21180: $? = 0
configure:21215: result: yes
configure:21237: TLS engines dependencies
configure:21279: checking openssl/ssl.h usability
configure:21296: gcc -std=gnu99 -c -g -O2 -Wall -Werror   conftest.c >&5
configure:21302: $? = 0
configure:21316: result: yes
configure:21320: checking openssl/ssl.h presence
configure:21335: gcc -std=gnu99 -E   conftest.c
configure:21341: $? = 0
configure:21355: result: yes
configure:21388: checking for openssl/ssl.h
configure:21396: result: yes
configure:21413: checking for SSL_CTX_new in -lssl
configure:21448: gcc -std=gnu99 -o conftest -g -O2 -Wall -Werror     conftest.c -lssl   >&5
configure:21454: $? = 0
configure:21472: result: yes
configure:21490: checking for OpenSSL library
configure:21493: result: yes
configure:21528: Compression engines dependencies
configure:21570: checking zlib.h usability
configure:21587: gcc -std=gnu99 -c -g -O2 -Wall -Werror   conftest.c >&5
configure:21593: $? = 0
configure:21607: result: yes
configure:21611: checking zlib.h presence
configure:21626: gcc -std=gnu99 -E   conftest.c
configure:21632: $? = 0
configure:21646: result: yes
configure:21679: checking for zlib.h
configure:21687: result: yes
configure:21704: checking for zlibVersion in -lz
configure:21739: gcc -std=gnu99 -o conftest -g -O2 -Wall -Werror     conftest.c -lz   >&5
configure:21745: $? = 0
configure:21763: result: yes
configure:21781: checking for Zlib library
configure:21784: result: yes
configure:22022: creating ./config.status

## ---------------------- ##
## Running config.status. ##
## ---------------------- ##

This file was extended by exmpp config.status 0.9.1, which was
generated by GNU Autoconf 2.61.  Invocation command line was

  CONFIG_FILES    = 
  CONFIG_HEADERS  = 
  CONFIG_LINKS    = 
  CONFIG_COMMANDS = 
  $ ./config.status 

on rjlaptop

config.status:721: creating c_src/Makefile
config.status:721: creating include/Makefile
config.status:721: creating include/internal/Makefile
config.status:721: creating src/Makefile
config.status:721: creating src/Emakefile
config.status:721: creating ebin/Makefile
config.status:721: creating ebin/exmpp.app
config.status:721: creating ebin/exmpp.appup
config.status:721: creating doc/Makefile
config.status:721: creating testsuite/Makefile
config.status:721: creating examples/Makefile
config.status:721: creating examples/Emakefile
config.status:721: creating Makefile
config.status:721: creating testsuite/etest
config.status:721: creating config.h
config.status:1003: executing depfiles commands
configure:23363:  == exmpp 0.9.1-r863 ==
configure:23371: Configuration:
configure:23378:     Prefix:             /usr/local
configure:23385:     Application dir.:   /usr/lib/erlang/lib/exmpp-0.9.1
configure:23393:     C compiler:         gcc -std=gnu99 -g -O2 -Wall -Werror
configure:23400:     Erlang emulator:    /usr/bin/erl
configure:23407:     Erlang compiler:    /usr/bin/erlc
configure:23414:     Erlang interpreter: /usr/bin/escript
configure:23422:     Debug/warnings:     yes/yes
configure:23429:     Compat modules:     no
configure:23436:     Documentation:      yes
configure:23443:     Testsuite:          yes
configure:23450:     Examples:           no
configure:23458:     XML parsers:
configure:23465:       . Expat:          yes
configure:23472:       . LibXML2:        yes
configure:23480:     TLS engines:
configure:23487:       . OpenSSL:        yes
configure:23495:     Compression engines:
configure:23502:       . Zlib:           yes

## ---------------- ##
## Cache variables. ##
## ---------------- ##

ac_cv_build=i686-pc-linux-gnu
ac_cv_c_compiler_gnu=yes
ac_cv_env_CC_set=
ac_cv_env_CC_value=
ac_cv_env_CFLAGS_set=
ac_cv_env_CFLAGS_value=
ac_cv_env_CPPFLAGS_set=
ac_cv_env_CPPFLAGS_value=
ac_cv_env_CPP_set=
ac_cv_env_CPP_value=
ac_cv_env_CXXCPP_set=
ac_cv_env_CXXCPP_value=
ac_cv_env_ERLANG_INSTALL_LIB_DIR_exmpp_set=
ac_cv_env_ERLANG_INSTALL_LIB_DIR_exmpp_value=
ac_cv_env_ERLANG_INSTALL_LIB_DIR_set=
ac_cv_env_ERLANG_INSTALL_LIB_DIR_value=
ac_cv_env_ERLCFLAGS_set=
ac_cv_env_ERLCFLAGS_value=
ac_cv_env_ERLC_set=
ac_cv_env_ERLC_value=
ac_cv_env_ERL_set=
ac_cv_env_ERL_value=
ac_cv_env_ESCRIPT_set=
ac_cv_env_ESCRIPT_value=
ac_cv_env_LDFLAGS_set=
ac_cv_env_LDFLAGS_value=
ac_cv_env_LIBS_set=
ac_cv_env_LIBS_value=
ac_cv_env_LIBXML2_CFLAGS_set=
ac_cv_env_LIBXML2_CFLAGS_value=
ac_cv_env_LIBXML2_LIBS_set=
ac_cv_env_LIBXML2_LIBS_value=
ac_cv_env_PKG_CONFIG_set=
ac_cv_env_PKG_CONFIG_value=
ac_cv_env_build_alias_set=
ac_cv_env_build_alias_value=
ac_cv_env_host_alias_set=
ac_cv_env_host_alias_value=
ac_cv_env_target_alias_set=
ac_cv_env_target_alias_value=
ac_cv_header_dlfcn_h=yes
ac_cv_header_expat_h=yes
ac_cv_header_inttypes_h=yes
ac_cv_header_memory_h=yes
ac_cv_header_openssl_ssl_h=yes
ac_cv_header_stdc=yes
ac_cv_header_stdint_h=yes
ac_cv_header_stdlib_h=yes
ac_cv_header_string_h=yes
ac_cv_header_strings_h=yes
ac_cv_header_sys_stat_h=yes
ac_cv_header_sys_types_h=yes
ac_cv_header_unistd_h=yes
ac_cv_header_zlib_h=yes
ac_cv_host=i686-pc-linux-gnu
ac_cv_lib_expat_XML_ParserCreate=yes
ac_cv_lib_ssl_SSL_CTX_new=yes
ac_cv_lib_z_zlibVersion=yes
ac_cv_objext=o
ac_cv_path_EGREP='/bin/grep -E'
ac_cv_path_ESCRIPT=/usr/bin/escript
ac_cv_path_GREP=/bin/grep
ac_cv_path_SED=/bin/sed
ac_cv_path_ac_pt_ERL=/usr/bin/erl
ac_cv_path_ac_pt_ERLC=/usr/bin/erlc
ac_cv_path_ac_pt_PKG_CONFIG=/usr/bin/pkg-config
ac_cv_path_install='/usr/bin/install -c'
ac_cv_path_mkdir=/bin/mkdir
ac_cv_prog_AWK=mawk
ac_cv_prog_CPP='gcc -std=gnu99 -E'
ac_cv_prog_ac_ct_AR=ar
ac_cv_prog_ac_ct_CC=gcc
ac_cv_prog_ac_ct_RANLIB=ranlib
ac_cv_prog_ac_ct_STRIP=strip
ac_cv_prog_cc_c89=
ac_cv_prog_cc_c99=-std=gnu99
ac_cv_prog_cc_g=yes
ac_cv_prog_cc_stdc=-std=gnu99
ac_cv_prog_make_make_set=yes
am_cv_CC_dependencies_compiler_type=gcc3
erlang_cv_erts_dir=/usr/lib/erlang/erts-5.6.5
erlang_cv_erts_ver=5.6.5
erlang_cv_lib_dir=/usr/lib/erlang/lib
erlang_cv_lib_dir_erl_interface=/usr/lib/erlang/lib/erl_interface-3.5.9
erlang_cv_lib_ver_erl_interface=3.5.9
erlang_cv_release=R12B
erlang_cv_root_dir=/usr/lib/erlang
lt_cv_deplibs_check_method=pass_all
lt_cv_file_magic_cmd='$MAGIC_CMD'
lt_cv_file_magic_test_file=
lt_cv_ld_reload_flag=-r
lt_cv_objdir=.libs
lt_cv_path_LD=/usr/bin/ld
lt_cv_path_NM='/usr/bin/nm -B'
lt_cv_path_SED=/bin/sed
lt_cv_prog_compiler_c_o=yes
lt_cv_prog_compiler_rtti_exceptions=no
lt_cv_prog_gnu_ld=yes
lt_cv_sys_global_symbol_pipe='sed -n -e '\''s/^.*[ 	]\([ABCDGIRSTW][ABCDGIRSTW]*\)[ 	][ 	]*\([_A-Za-z][_A-Za-z0-9]*\)$/\1 \2 \2/p'\'''
lt_cv_sys_global_symbol_to_c_name_address='sed -n -e '\''s/^: \([^ ]*\) $/  {\"\1\", (lt_ptr) 0},/p'\'' -e '\''s/^[BCDEGRST] \([^ ]*\) \([^ ]*\)$/  {"\2", (lt_ptr) \&\2},/p'\'''
lt_cv_sys_global_symbol_to_cdecl='sed -n -e '\''s/^. .* \(.*\)$/extern int \1;/p'\'''
lt_cv_sys_max_cmd_len=32768
lt_lt_cv_prog_compiler_c_o='"yes"'
lt_lt_cv_sys_global_symbol_pipe='"sed -n -e '\''s/^.*[ 	]\\([ABCDGIRSTW][ABCDGIRSTW]*\\)[ 	][ 	]*\\([_A-Za-z][_A-Za-z0-9]*\\)\$/\\1 \\2 \\2/p'\''"'
lt_lt_cv_sys_global_symbol_to_c_name_address='"sed -n -e '\''s/^: \\([^ ]*\\) \$/  {\\\"\\1\\\", (lt_ptr) 0},/p'\'' -e '\''s/^[BCDEGRST] \\([^ ]*\\) \\([^ ]*\\)\$/  {\"\\2\", (lt_ptr) \\&\\2},/p'\''"'
lt_lt_cv_sys_global_symbol_to_cdecl='"sed -n -e '\''s/^. .* \\(.*\\)\$/extern int \\1;/p'\''"'
pkg_cv_LIBXML2_CFLAGS='-I/usr/include/libxml2  '
pkg_cv_LIBXML2_LIBS='-lxml2  '

## ----------------- ##
## Output variables. ##
## ----------------- ##

ACLOCAL='${SHELL} /home/rj/src/playdar-core/playdar_modules/xmpp/deps/exmpp-0.9.1-r863/ac-aux/missing --run aclocal-1.10'
AMDEPBACKSLASH='\'
AMDEP_FALSE='#'
AMDEP_TRUE=''
AMTAR='${SHELL} /home/rj/src/playdar-core/playdar_modules/xmpp/deps/exmpp-0.9.1-r863/ac-aux/missing --run tar'
AR='ar'
AUTOCONF='${SHELL} /home/rj/src/playdar-core/playdar_modules/xmpp/deps/exmpp-0.9.1-r863/ac-aux/missing --run autoconf'
AUTOHEADER='${SHELL} /home/rj/src/playdar-core/playdar_modules/xmpp/deps/exmpp-0.9.1-r863/ac-aux/missing --run autoheader'
AUTOMAKE='${SHELL} /home/rj/src/playdar-core/playdar_modules/xmpp/deps/exmpp-0.9.1-r863/ac-aux/missing --run automake-1.10'
AWK='mawk'
BUILD_COMPAT_FALSE=''
BUILD_COMPAT_TRUE='#'
CC='gcc -std=gnu99'
CCDEPMODE='depmode=gcc3'
CFLAGS='-g -O2 -Wall -Werror'
COMPAT_MODULES='%'
COMPAT_MODULES_START=' % Compatibility modules disabled:'
CPP='gcc -std=gnu99 -E'
CPPFLAGS=''
CXXCPP=''
CYGPATH_W='echo'
DEFS='-DHAVE_CONFIG_H'
DEPDIR='.deps'
ECHO='echo'
ECHO_C=''
ECHO_N='-n'
ECHO_T=''
EGREP='/bin/grep -E'
EMKOPTS='debug_info, {d, debug}, report_warnings, {warn_format, 1}, warn_export_vars, warn_shadow_vars, warn_unused_import, {d, '\''HAVE_EXPAT'\''}, {d, '\''HAVE_LIBXML2'\''}, {d, '\''HAVE_OPENSSL'\''}, {d, '\''HAVE_ZLIB'\''}'
ENABLE_DOCUMENTATION_FALSE='#'
ENABLE_DOCUMENTATION_TRUE=''
ENABLE_EXAMPLES_FALSE=''
ENABLE_EXAMPLES_TRUE='#'
ENABLE_SMP_SUPPORT_FALSE='#'
ENABLE_SMP_SUPPORT_TRUE=''
ENABLE_TESTSUITE_FALSE='#'
ENABLE_TESTSUITE_TRUE=''
ERL='/usr/bin/erl'
ERLANG_ERTS_DIR='/usr/lib/erlang/erts-5.6.5'
ERLANG_ERTS_VER='5.6.5'
ERLANG_INSTALL_LIB_DIR='/usr/lib/erlang/lib'
ERLANG_INSTALL_LIB_DIR_exmpp='${ERLANG_INSTALL_LIB_DIR}/exmpp-${VERSION}'
ERLANG_LIB_DIR='/usr/lib/erlang/lib'
ERLANG_LIB_DIR_erl_interface='/usr/lib/erlang/lib/erl_interface-3.5.9'
ERLANG_LIB_DIR_eunit=''
ERLANG_LIB_VER_erl_interface='3.5.9'
ERLANG_LIB_VER_eunit=''
ERLANG_RELEASE='R12B'
ERLANG_ROOT_DIR='/usr/lib/erlang'
ERLC='/usr/bin/erlc'
ERLCFLAGS=''
ERL_DRIVER_LDFLAGS=''
ESCRIPT='/usr/bin/escript'
EXEEXT=''
EXMPP_BUILD_ARCH=''
EXMPP_DISTSUFFIX='-r863'
EXMPP_HOST_ARCH=''
EXMPP_RELEASE_DATE=''
EXMPP_SVNREV='863'
EXPAT_CPPFLAGS=''
EXPAT_LDFLAGS=''
EXPAT_LIBS='-lexpat'
GREP='/bin/grep'
INSTALL_DATA='${INSTALL} -m 644'
INSTALL_PROGRAM='${INSTALL}'
INSTALL_SCRIPT='${INSTALL}'
INSTALL_STRIP_PROGRAM='$(install_sh) -c -s'
LDFLAGS=''
LIBOBJS=''
LIBS=''
LIBTOOL='$(SHELL) $(top_builddir)/libtool'
LIBXML2_CFLAGS='-I/usr/include/libxml2  '
LIBXML2_LIBS='-lxml2  '
LN_S='ln -s'
LTLIBOBJS=''
MAKEINFO='${SHELL} /home/rj/src/playdar-core/playdar_modules/xmpp/deps/exmpp-0.9.1-r863/ac-aux/missing --run makeinfo'
OBJEXT='o'
OPENSSL_CPPFLAGS=''
OPENSSL_LDFLAGS=''
OPENSSL_LIBS='-lssl -lcrypto'
PACKAGE='exmpp'
PACKAGE_BUGREPORT='js.pedron@meetic-corp.com'
PACKAGE_NAME='exmpp'
PACKAGE_STRING='exmpp 0.9.1'
PACKAGE_TARNAME='exmpp'
PACKAGE_VERSION='0.9.1'
PATH_SEPARATOR=':'
PKG_CONFIG='/usr/bin/pkg-config'
RANLIB='ranlib'
SED='/bin/sed'
SET_MAKE=''
SHELL='/bin/bash'
STRIP='strip'
VERSION='0.9.1'
WITH_EXPAT_FALSE='#'
WITH_EXPAT_TRUE=''
WITH_LIBXML2_FALSE='#'
WITH_LIBXML2_TRUE=''
WITH_OPENSSL_FALSE='#'
WITH_OPENSSL_TRUE=''
WITH_ZLIB_FALSE='#'
WITH_ZLIB_TRUE=''
ZLIB_CPPFLAGS=''
ZLIB_LDFLAGS=''
ZLIB_LIBS='-lz'
ac_ct_CC='gcc'
am__fastdepCC_FALSE='#'
am__fastdepCC_TRUE=''
am__include='include'
am__isrc=''
am__leading_dot='.'
am__quote=''
am__tar='${AMTAR} chof - "$$tardir"'
am__untar='${AMTAR} xf -'
bindir='${exec_prefix}/bin'
build='i686-pc-linux-gnu'
build_alias=''
build_cpu='i686'
build_os='linux-gnu'
build_vendor='pc'
datadir='${datarootdir}'
datarootdir='${prefix}/share'
docdir='${datarootdir}/doc/${PACKAGE_TARNAME}'
dvidir='${docdir}'
exec_prefix='${prefix}'
exp_ERLANG_INSTALL_LIB_DIR_exmpp='/usr/lib/erlang/lib/exmpp-0.9.1'
host='i686-pc-linux-gnu'
host_alias=''
host_cpu='i686'
host_os='linux-gnu'
host_vendor='pc'
htmldir='${docdir}'
includedir='${prefix}/include'
infodir='${datarootdir}/info'
install_sh='$(SHELL) /home/rj/src/playdar-core/playdar_modules/xmpp/deps/exmpp-0.9.1-r863/ac-aux/install-sh'
libdir='${exec_prefix}/lib'
libexecdir='${exec_prefix}/libexec'
localedir='${datarootdir}/locale'
localstatedir='${prefix}/var'
mandir='${datarootdir}/man'
mkdir_p='/bin/mkdir -p'
oldincludedir='/usr/include'
pdfdir='${docdir}'
prefix='/usr/local'
program_transform_name='s,x,x,'
psdir='${docdir}'
sbindir='${exec_prefix}/sbin'
sharedstatedir='${prefix}/com'
sysconfdir='${prefix}/etc'
target_alias=''

## ----------- ##
## confdefs.h. ##
## ----------- ##

#define PACKAGE_NAME "exmpp"
#define PACKAGE_TARNAME "exmpp"
#define PACKAGE_VERSION "0.9.1"
#define PACKAGE_STRING "exmpp 0.9.1"
#define PACKAGE_BUGREPORT "js.pedron@meetic-corp.com"
#define PACKAGE "exmpp"
#define VERSION "0.9.1"
#define STDC_HEADERS 1
#define HAVE_SYS_TYPES_H 1
#define HAVE_SYS_STAT_H 1
#define HAVE_STDLIB_H 1
#define HAVE_STRING_H 1
#define HAVE_MEMORY_H 1
#define HAVE_STRINGS_H 1
#define HAVE_INTTYPES_H 1
#define HAVE_STDINT_H 1
#define HAVE_UNISTD_H 1
#define HAVE_DLFCN_H 1
#define SMP_SUPPORT
#define USE_RWLOCK
#define _REENTRANT
#define HAVE_EXPAT_H 1
#define HAVE_LIBEXPAT 1
#define HAVE_OPENSSL_SSL_H 1
#define HAVE_LIBSSL 1
#define HAVE_ZLIB_H 1
#define HAVE_LIBZ 1

configure: exit 0
